{"C:\\sarath\\learning\\sample_jest\\components\\basic\\1.js": {"path":"C:\\sarath\\learning\\sample_jest\\components\\basic\\1.js","statementMap":{},"fnMap":{},"branchMap":{},"s":{},"f":{},"b":{},"_coverageSchema":"332fd63041d2c1bcb487cc26dd0d5f7d97098a6c","hash":"985f061e10a0eb9f8b5edc2ae2e52aed26bacdfc"}
,"C:\\sarath\\learning\\sample_jest\\components\\basic\\child.js": {"path":"C:\\sarath\\learning\\sample_jest\\components\\basic\\child.js","statementMap":{"0":{"start":{"line":1,"column":13},"end":{"line":2,"column":67}}},"fnMap":{},"branchMap":{},"s":{"0":0},"f":{},"b":{}}
,"C:\\sarath\\learning\\sample_jest\\components\\basic\\counter.js": {"path":"C:\\sarath\\learning\\sample_jest\\components\\basic\\counter.js","statementMap":{"0":{"start":{"line":2,"column":0},"end":{"line":20,"column":15}},"1":{"start":{"line":12,"column":8},"end":{"line":13,"column":23}},"2":{"start":{"line":19,"column":12},"end":{"line":19,"column":25}}},"fnMap":{"0":{"name":"data","decl":{"start":{"line":11,"column":19},"end":{"line":11,"column":23}},"loc":{"start":{"line":11,"column":26},"end":{"line":15,"column":5}},"line":11},"1":{"name":"increment","decl":{"start":{"line":18,"column":28},"end":{"line":18,"column":37}},"loc":{"start":{"line":18,"column":40},"end":{"line":20,"column":9}},"line":18}},"branchMap":{},"s":{"0":0,"1":0,"2":0},"f":{"0":0,"1":0},"b":{}}
,"C:\\sarath\\learning\\sample_jest\\components\\basic\\learning.js": {"path":"C:\\sarath\\learning\\sample_jest\\components\\basic\\learning.js","statementMap":{"0":{"start":{"line":1,"column":13},"end":{"line":11,"column":34}}},"fnMap":{},"branchMap":{},"s":{"0":0},"f":{},"b":{}}
,"C:\\sarath\\learning\\sample_jest\\components\\basic\\parent.js": {"path":"C:\\sarath\\learning\\sample_jest\\components\\basic\\parent.js","statementMap":{"0":{"start":{"line":1,"column":13},"end":{"line":2,"column":93}}},"fnMap":{},"branchMap":{},"s":{"0":0},"f":{},"b":{}}
,"C:\\sarath\\learning\\sample_jest\\components\\basic\\sum.js": {"path":"C:\\sarath\\learning\\sample_jest\\components\\basic\\sum.js","statementMap":{"0":{"start":{"line":1,"column":13},"end":{"line":34,"column":15}},"1":{"start":{"line":16,"column":8},"end":{"line":20,"column":26}},"2":{"start":{"line":25,"column":12},"end":{"line":29,"column":13}},"3":{"start":{"line":26,"column":16},"end":{"line":26,"column":42}},"4":{"start":{"line":28,"column":16},"end":{"line":28,"column":43}},"5":{"start":{"line":32,"column":12},"end":{"line":32,"column":53}},"6":{"start":{"line":33,"column":12},"end":{"line":33,"column":53}}},"fnMap":{"0":{"name":"data","decl":{"start":{"line":15,"column":19},"end":{"line":15,"column":23}},"loc":{"start":{"line":15,"column":26},"end":{"line":22,"column":5}},"line":15},"1":{"name":"check","decl":{"start":{"line":24,"column":24},"end":{"line":24,"column":29}},"loc":{"start":{"line":24,"column":32},"end":{"line":30,"column":9}},"line":24},"2":{"name":"refresh","decl":{"start":{"line":31,"column":26},"end":{"line":31,"column":33}},"loc":{"start":{"line":31,"column":36},"end":{"line":34,"column":9}},"line":31}},"branchMap":{"0":{"loc":{"start":{"line":25,"column":12},"end":{"line":29,"column":13}},"type":"if","locations":[{"start":{"line":25,"column":12},"end":{"line":29,"column":13}},{"start":{"line":25,"column":12},"end":{"line":29,"column":13}}],"line":25}},"s":{"0":0,"1":0,"2":0,"3":0,"4":0,"5":0,"6":0},"f":{"0":0,"1":0,"2":0},"b":{"0":[0,0]}}
,"C:\\sarath\\learning\\sample_jest\\components\\todo\\todoApp.js": {"path":"C:\\sarath\\learning\\sample_jest\\components\\todo\\todoApp.js","statementMap":{"0":{"start":{"line":2,"column":0},"end":{"line":28,"column":15}},"1":{"start":{"line":15,"column":8},"end":{"line":19,"column":26}},"2":{"start":{"line":25,"column":28},"end":{"line":25,"column":98}},"3":{"start":{"line":26,"column":12},"end":{"line":26,"column":42}},"4":{"start":{"line":27,"column":12},"end":{"line":27,"column":30}}},"fnMap":{"0":{"name":"data","decl":{"start":{"line":14,"column":19},"end":{"line":14,"column":23}},"loc":{"start":{"line":14,"column":26},"end":{"line":21,"column":5}},"line":14},"1":{"name":"add","decl":{"start":{"line":24,"column":22},"end":{"line":24,"column":25}},"loc":{"start":{"line":24,"column":28},"end":{"line":28,"column":9}},"line":24}},"branchMap":{},"s":{"0":0,"1":0,"2":0,"3":0,"4":0},"f":{"0":0,"1":0},"b":{}}
}
