TN:
SF:C:\sarath\learning\sample_jest\components\basic\1.js
FNF:0
FNH:0
LF:0
LH:0
BRF:0
BRH:0
end_of_record
TN:
SF:C:\sarath\learning\sample_jest\components\basic\child.js
FNF:0
FNH:0
DA:1,0
LF:1
LH:0
BRF:0
BRH:0
end_of_record
TN:
SF:C:\sarath\learning\sample_jest\components\basic\counter.js
FN:11,data
FN:18,increment
FNF:2
FNH:0
FNDA:0,data
FNDA:0,increment
DA:2,0
DA:12,0
DA:19,0
LF:3
LH:0
BRF:0
BRH:0
end_of_record
TN:
SF:C:\sarath\learning\sample_jest\components\basic\learning.js
FNF:0
FNH:0
DA:1,0
LF:1
LH:0
BRF:0
BRH:0
end_of_record
TN:
SF:C:\sarath\learning\sample_jest\components\basic\parent.js
FNF:0
FNH:0
DA:1,0
LF:1
LH:0
BRF:0
BRH:0
end_of_record
TN:
SF:C:\sarath\learning\sample_jest\components\basic\sum.js
FN:15,data
FN:24,check
FN:31,refresh
FNF:3
FNH:0
FNDA:0,data
FNDA:0,check
FNDA:0,refresh
DA:1,0
DA:16,0
DA:25,0
DA:26,0
DA:28,0
DA:32,0
DA:33,0
LF:7
LH:0
BRDA:25,0,0,0
BRDA:25,0,1,0
BRF:2
BRH:0
end_of_record
TN:
SF:C:\sarath\learning\sample_jest\components\todo\todoApp.js
FN:14,data
FN:24,add
FNF:2
FNH:0
FNDA:0,data
FNDA:0,add
DA:2,0
DA:15,0
DA:25,0
DA:26,0
DA:27,0
LF:5
LH:0
BRF:0
BRH:0
end_of_record
